<?xml version="1.0" encoding="utf-8"?><testsuites name="pytest tests"><testsuite name="pytest" errors="0" failures="0" skipped="0" tests="33" time="530.787" timestamp="2026-07-22T20:30:11.763113+08:00" hostname="wyg_win11"><testcase classname="tests.test_auth" name="test_health_is_public" time="7.711" /><testcase classname="tests.test_auth" name="test_login_and_me" time="10.674" /><testcase classname="tests.test_auth" name="test_invalid_login_is_401" time="10.376" /><testcase classname="tests.test_auth" name="test_missing_token_is_401" time="8.380" /><testcase classname="tests.test_auth" name="test_regional_user_is_403_for_admin" time="12.303" /><testcase classname="tests.test_auth" name="test_production_configuration_fails_closed" time="5.677" /><testcase classname="tests.test_chatbi" name="test_chatbi_complete_chain_and_truthful_evidence" time="29.213" /><testcase classname="tests.test_chatbi" name="test_chatbi_scope_denial_is_403" time="24.997" /><testcase classname="tests.test_dashboard" name="test_dashboard_uses_database_and_enforces_region_scope" time="33.071" /><testcase classname="tests.test_dashboard" name="test_dashboard_rejects_unapproved_metric" time="7.495" /><testcase classname="tests.test_diagnostics" name="test_revenue_and_profit_decomposition_reconcile" time="35.472" /><testcase classname="tests.test_diagnostics" name="test_regional_peer_comparison_rejects_other_region" time="26.591" /><testcase classname="tests.test_memory" name="test_session_inheritance_override_isolation_and_run_evidence" time="30.383" /><testcase classname="tests.test_memory" name="test_expired_session_is_not_inherited" time="30.017" /><testcase classname="tests.test_memory" name="test_work_memory_is_structured_versioned_and_released" time="13.190" /><testcase classname="tests.test_metrics_and_data" name="test_fixed_seed_data_metrics_and_quality" time="31.910" /><testcase classname="tests.test_metrics_and_data" name="test_division_metrics_are_null_without_business_data" time="6.836" /><testcase classname="tests.test_query_security" name="test_arbitrary_and_dangerous_sql_is_always_rejected[DROP TABLE fact_charging_session]" time="8.601" /><testcase classname="tests.test_query_security" name="test_arbitrary_and_dangerous_sql_is_always_rejected[DELETE FROM fact_charging_session]" time="6.791" /><testcase classname="tests.test_query_security" name="test_arbitrary_and_dangerous_sql_is_always_rejected[SELECT 1; DROP TABLE dim_user]" time="7.366" /><testcase classname="tests.test_query_security" name="test_arbitrary_and_dangerous_sql_is_always_rejected[UPDATE app_user SET role='admin']" time="12.622" /><testcase classname="tests.test_query_security" name="test_arbitrary_and_dangerous_sql_is_always_rejected[INSERT INTO audit_log VALUES (1)]" time="7.358" /><testcase classname="tests.test_query_security" name="test_arbitrary_and_dangerous_sql_is_always_rejected[TRUNCATE fact_energy_cost]" time="6.449" /><testcase classname="tests.test_query_security" name="test_arbitrary_and_dangerous_sql_is_always_rejected[SELECT pg_read_file('/etc/passwd')]" time="8.438" /><testcase classname="tests.test_query_security" name="test_arbitrary_and_dangerous_sql_is_always_rejected[SELECT * FROM pg_catalog.pg_user]" time="11.517" /><testcase classname="tests.test_query_security" name="test_arbitrary_and_dangerous_sql_is_always_rejected[SELECT pg_sleep(10)]" time="5.939" /><testcase classname="tests.test_query_security" name="test_arbitrary_and_dangerous_sql_is_always_rejected[SELECT * FROM fact_charging_session -- bypass]" time="7.359" /><testcase classname="tests.test_query_security" name="test_arbitrary_and_dangerous_sql_is_always_rejected[/*x*/ SELECT * FROM dim_user]" time="8.001" /><testcase classname="tests.test_query_security" name="test_arbitrary_and_dangerous_sql_is_always_rejected[COPY app_user TO PROGRAM 'x']" time="5.793" /><testcase classname="tests.test_query_security" name="test_plan_compiler_guard_and_readonly_execution" time="27.702" /><testcase classname="tests.test_query_security" name="test_scope_intersection_fails_closed" time="32.782" /><testcase classname="tests.test_query_security" name="test_compiled_query_tamper_is_rejected" time="6.378" /><testcase classname="tests.test_reports" name="test_report_draft_and_exports_are_traceable" time="42.346" /></testsuite></testsuites>