{"numTotalTestSuites":2,"numPassedTestSuites":2,"numFailedTestSuites":0,"numPendingTestSuites":0,"numTotalTests":3,"numPassedTests":3,"numFailedTests":0,"numPendingTests":0,"numTodoTests":0,"snapshot":{"added":0,"failure":false,"filesAdded":0,"filesRemoved":0,"filesRemovedList":[],"filesUnmatched":0,"filesUpdated":0,"matched":0,"total":0,"unchecked":0,"uncheckedKeysByFile":[],"unmatched":0,"updated":0,"didUpdate":false},"startTime":1786180168637,"success":true,"testResults":[{"assertionResults":[{"ancestorTitles":["metric formatting"],"fullName":"metric formatting renders ratios as percentages","status":"passed","title":"renders ratios as percentages","duration":1.5599260000000186,"failureMessages":[],"meta":{}},{"ancestorTitles":["metric formatting"],"fullName":"metric formatting keeps null truthful","status":"passed","title":"keeps null truthful","duration":0.28572299999996176,"failureMessages":[],"meta":{}},{"ancestorTitles":["metric formatting"],"fullName":"metric formatting renders counts as integers","status":"passed","title":"renders counts as integers","duration":26.888682000000017,"failureMessages":[],"meta":{}}],"startTime":1786180169341,"endTime":1786180169369.8887,"status":"passed","message":"","name":"/app/tests/format.test.ts"}]}