<?xml version="1.0" encoding="utf-8"?><testsuites name="pytest tests"><testsuite name="pytest" errors="0" failures="1" skipped="0" tests="108" time="555.997" timestamp="2026-08-02T10:55:14.324750+00:00" hostname="c8efcae01a71"><testcase classname="tests.test_platform_connectors" name="test_registry_and_capability_contract" time="0.002" /><testcase classname="tests.test_platform_connectors" name="test_registry_rejects_unknown_type" time="0.002" /><testcase classname="tests.test_platform_connectors" name="test_plaintext_credential_is_rejected_before_driver_use" time="0.002" /><testcase classname="tests.test_platform_connectors" name="test_safe_config_never_returns_credential_reference_or_value" time="0.003" /><testcase classname="tests.test_platform_connectors" name="test_csv_discovery_preview_profile_and_pagination" time="0.253" /><testcase classname="tests.test_platform_connectors" name="test_csv_empty_or_invalid_data_fails_closed" time="0.005" /><testcase classname="tests.test_platform_connectors" name="test_csv_path_escape_is_denied" time="0.005" /><testcase classname="tests.test_platform_connectors" name="test_file_incremental_read_is_explicitly_unsupported" time="0.007" /><testcase classname="tests.test_platform_connectors" name="test_cancellation_and_lifecycle_are_enforced" time="0.143" /><testcase classname="tests.test_platform_connectors" name="test_excel_discovery_and_preview" time="0.327" /><testcase classname="tests.test_platform_connectors" name="test_excel_missing_sheet_fails_without_fallback" time="0.273" /><testcase classname="tests.test_platform_connectors" name="test_mock_incremental_cursor_and_failure_mapping" time="0.004" /><testcase classname="tests.test_platform_connectors" name="test_driver_error_mapping_is_stable_and_redacted" time="0.003" /><testcase classname="tests.test_platform_connectors" name="test_mysql_registration_configuration_and_connection_contract" time="0.003" /><testcase classname="tests.test_platform_connectors" name="test_postgresql_configuration_requires_reference" time="0.003" /><testcase classname="tests.test_platform_connectors" name="test_postgresql_schema_and_column_discovery" time="0.003" /><testcase classname="tests.test_platform_connectors" name="test_postgresql_schema_allowlist_is_fail_closed" time="0.002" /><testcase classname="tests.test_platform_connectors" name="test_page_request_hard_limits" time="0.002" /><testcase classname="tests.test_dataset_release" name="test_release_is_immutable_idempotent_and_not_implicitly_active" time="3.651" /><testcase classname="tests.test_dataset_release" name="test_quality_failure_and_rejection_cannot_be_published" time="6.594" /><testcase classname="tests.test_dataset_release" name="test_activation_is_atomic_unique_and_idempotent" time="5.652" /><testcase classname="tests.test_dataset_release" name="test_failed_activation_preserves_previous_active_version" time="4.699" /><testcase classname="tests.test_dataset_release" name="test_rollback_creates_audit_is_idempotent_and_failure_is_atomic" time="4.960" /><testcase classname="tests.test_dataset_release" name="test_tenant_scope_is_not_client_overridable" time="4.761" /><testcase classname="tests.test_official_model_provider_validation" name="test_env_file_parser_handles_bom_quotes_and_safe_audit" time="0.014" /><testcase classname="tests.test_official_model_provider_validation" name="test_env_file_parser_rejects_duplicate_variables" time="0.007" /><testcase classname="tests.test_official_model_provider_validation" name="test_official_specs_reject_non_official_base_url" time="0.004" /><testcase classname="tests.test_official_model_provider_validation" name="test_kimi_uses_models_bearer_then_three_smokes" time="0.006" /><testcase classname="tests.test_official_model_provider_validation" name="test_deepseek_401_retries_once_and_keeps_request_id" time="0.004" /><testcase classname="tests.test_official_model_provider_validation" name="test_mimo_calls_chat_with_api_key_without_models" time="0.003" /><testcase classname="tests.test_official_model_provider_validation" name="test_mimo_only_falls_back_to_bearer_after_api_key_401" time="0.003" /><testcase classname="tests.test_official_model_provider_validation" name="test_all_official_401_results_use_required_blocker" time="0.005" /><testcase classname="tests.test_p4_oidc_vault" name="test_preproduction_settings_fail_closed" time="6.007" /><testcase classname="tests.test_p4_oidc_vault" name="test_preproduction_rejects_an_existing_local_bearer" time="9.027" /><testcase classname="tests.test_p4_oidc_vault" name="test_remote_jwks_verifies_signature_claims_and_nonce" time="4.582" /><testcase classname="tests.test_p4_oidc_vault" name="test_oidc_state_is_one_time_and_session_is_revocable" time="5.466" /><testcase classname="tests.test_p4_oidc_vault" name="test_vault_kv_v2_version_cache_invalidation_and_fail_closed" time="6.984" /><testcase classname="tests.test_engine_router" name="test_deterministic_only_never_calls_sqlbot" time="0.004" /><testcase classname="tests.test_engine_router" name="test_shadow_returns_deterministic_and_compares_sqlbot" time="0.003" /><testcase classname="tests.test_engine_router" name="test_sqlbot_failure_does_not_affect_shadow_user_result" time="0.007" /><testcase classname="tests.test_engine_router" name="test_canary_routes_only_selected_long_tail_queries" time="0.003" /><testcase classname="tests.test_engine_router" name="test_core_query_remains_deterministic_even_when_sqlbot_enabled" time="0.003" /><testcase classname="tests.test_engine_router" name="test_disabled_mode_fails_closed" time="0.003" /><testcase classname="tests.test_skill_evaluation_expansion" name="test_revenue_decline_evaluation_expansion[1]" time="0.853" /><testcase classname="tests.test_skill_evaluation_expansion" name="test_revenue_decline_evaluation_expansion[2]" time="0.040" /><testcase classname="tests.test_skill_evaluation_expansion" name="test_revenue_decline_evaluation_expansion[3]" time="0.038" /><testcase classname="tests.test_skill_evaluation_expansion" name="test_revenue_decline_evaluation_expansion[4]" time="0.041" /><testcase classname="tests.test_skill_evaluation_expansion" name="test_revenue_decline_evaluation_expansion[5]" time="0.039" /><testcase classname="tests.test_skill_evaluation_expansion" name="test_revenue_decline_evaluation_expansion[6]" time="0.049" /><testcase classname="tests.test_skill_evaluation_expansion" name="test_revenue_decline_evaluation_expansion[7]" time="0.030" /><testcase classname="tests.test_skill_evaluation_expansion" name="test_revenue_decline_evaluation_expansion[8]" time="0.046" /><testcase classname="tests.test_skill_evaluation_expansion" name="test_revenue_decline_evaluation_expansion[9]" time="0.029" /><testcase classname="tests.test_skill_evaluation_expansion" name="test_order_anomaly_evaluation_expansion[1]" time="0.035" /><testcase classname="tests.test_skill_evaluation_expansion" name="test_order_anomaly_evaluation_expansion[2]" time="0.036" /><testcase classname="tests.test_skill_evaluation_expansion" name="test_order_anomaly_evaluation_expansion[3]" time="0.031" /><testcase classname="tests.test_skill_evaluation_expansion" name="test_order_anomaly_evaluation_expansion[4]" time="0.031" /><testcase classname="tests.test_skill_evaluation_expansion" name="test_order_anomaly_evaluation_expansion[5]" time="0.036" /><testcase classname="tests.test_skill_evaluation_expansion" name="test_order_anomaly_evaluation_expansion[6]" time="0.036" /><testcase classname="tests.test_skill_evaluation_expansion" name="test_order_anomaly_evaluation_expansion[7]" time="0.049" /><testcase classname="tests.test_skill_evaluation_expansion" name="test_gross_profit_evaluation_expansion[1]" time="0.044" /><testcase classname="tests.test_skill_evaluation_expansion" name="test_gross_profit_evaluation_expansion[2]" time="0.053" /><testcase classname="tests.test_skill_evaluation_expansion" name="test_gross_profit_evaluation_expansion[3]" time="0.031" /><testcase classname="tests.test_skill_evaluation_expansion" name="test_gross_profit_evaluation_expansion[4]" time="0.108" /><testcase classname="tests.test_skill_evaluation_expansion" name="test_gross_profit_evaluation_expansion[5]" time="0.027" /><testcase classname="tests.test_skill_evaluation_expansion" name="test_gross_profit_evaluation_expansion[6]" time="0.032" /><testcase classname="tests.test_skill_evaluation_expansion" name="test_gross_profit_evaluation_expansion[7]" time="0.038" /><testcase classname="tests.test_skill_evaluation_expansion" name="test_station_efficiency_evaluation_expansion[1]" time="0.038" /><testcase classname="tests.test_skill_evaluation_expansion" name="test_station_efficiency_evaluation_expansion[2]" time="0.035" /><testcase classname="tests.test_skill_evaluation_expansion" name="test_station_efficiency_evaluation_expansion[3]" time="0.042" /><testcase classname="tests.test_skill_evaluation_expansion" name="test_station_efficiency_evaluation_expansion[4]" time="0.027" /><testcase classname="tests.test_skill_evaluation_expansion" name="test_station_efficiency_evaluation_expansion[5]" time="0.040" /><testcase classname="tests.test_skill_evaluation_expansion" name="test_station_efficiency_evaluation_expansion[6]" time="0.029" /><testcase classname="tests.test_skill_evaluation_expansion" name="test_report_generation_evaluation_expansion[1]" time="0.039" /><testcase classname="tests.test_skill_evaluation_expansion" name="test_report_generation_evaluation_expansion[2]" time="0.037" /><testcase classname="tests.test_skill_evaluation_expansion" name="test_report_generation_evaluation_expansion[3]" time="0.037" /><testcase classname="tests.test_skill_evaluation_expansion" name="test_report_generation_evaluation_expansion[4]" time="0.040" /><testcase classname="tests.test_skill_evaluation_expansion" name="test_report_generation_evaluation_expansion[5]" time="0.037" /><testcase classname="tests.test_skill_evaluation_expansion" name="test_report_generation_evaluation_expansion[6]" time="0.053" /><testcase classname="tests.test_sales_ops" name="test_sales_ops_package_uses_existing_contract_without_core_special_case" time="2.432" /><testcase classname="tests.test_sales_ops" name="test_sales_seed_metrics_versions_engine_and_scenario_isolation" time="123.366" /><testcase classname="tests.test_active_platform_query" name="test_active_versions_route_all_formal_consumers_and_fail_closed" time="138.914"><failure message="AssertionError: assert [] == ['SQLBOT_DISABLED']&#10;  &#10;  Right contains one more item: 'SQLBOT_DISABLED'&#10;  Use -v to get more diff">client = &lt;starlette.testclient.TestClient object at 0x7be21306cb90&gt;
login = &lt;function login.&lt;locals&gt;._login at 0x7be21b62aa20&gt;
monkeypatch = &lt;_pytest.monkeypatch.MonkeyPatch object at 0x7be21acad8d0&gt;

    def test_active_versions_route_all_formal_consumers_and_fail_closed(client, login, monkeypatch) -&gt; None:
        settings = get_settings()
        monkeypatch.setattr(settings, "platform_version_routing_enabled", True)
        with SessionLocal() as db:
            generate_simulated_data(db, session_count=1_000)
            user = db.query(User).filter_by(username="analyst").one()
            identity = IdentityContextFactory.from_user(user)
            with pytest.raises(SemanticRegistryError) as exc:
                ActiveSemanticResolver(db).resolve(
                    identity,
                    scenario_id=SCENARIO_ID,
                    dataset_code=DATASET_CODE,
                )
            assert exc.value.code in {"DATASET_NOT_FOUND", "NO_ACTIVE_VERSION"}
            installed = install_platform_foundation(db, identity)
            assert installed["metric_count"] == 15
            assert installed["scenario_status"] == "ACTIVE"
    
        headers = login()
        summary = client.get(
            "/api/v1/dashboard/summary?start=2026-01-01&amp;end_exclusive=2026-07-01",
            headers=headers,
        )
        assert summary.status_code == 200
        diagnostic = client.get(
            "/api/v1/diagnostics/decomposition?metric=gross_profit"
            "&amp;start=2026-06-01&amp;end_exclusive=2026-07-01&amp;comparison=mom&amp;limit=5",
            headers=headers,
        )
        assert diagnostic.status_code == 200
        report = client.get(
            "/api/v1/reports/draft?report_type=monthly"
            "&amp;start=2026-06-01&amp;end_exclusive=2026-07-01",
            headers=headers,
        )
        assert report.status_code == 200
        chat = client.post(
            "/api/v1/chat/query",
            headers=headers,
            json={"question": "区域A在2026年6月充电收入和毛利率是多少？"},
        )
        assert chat.status_code == 200
        chat_body = chat.json()
        query_result = chat_body["query_result"]
        required = {
            "engine", "engine_version", "scenario", "scenario_version",
            "semantic_version", "dataset_version", "sql", "columns", "rows",
            "chart_spec", "evidence", "warnings", "execution_time", "trace_id",
            "run_id", "status",
        }
        assert required == set(query_result)
        assert query_result["engine"] == "deterministic"
&gt;       assert query_result["warnings"] == ["SQLBOT_DISABLED"]
E       AssertionError: assert [] == ['SQLBOT_DISABLED']
E         
E         Right contains one more item: 'SQLBOT_DISABLED'
E         Use -v to get more diff

tests/test_active_platform_query.py:68: AssertionError</failure></testcase><testcase classname="tests.test_active_platform_query" name="test_sqlbot_adapter_is_disabled_and_runtime_unverified_by_default" time="0.039" /><testcase classname="tests.test_p5_enterprise_idp_acceptance" name="test_enterprise_idp_template_contract_validates_without_external_call" time="0.135" /><testcase classname="tests.test_p5_enterprise_idp_acceptance" name="test_metadata_requires_https_and_rejects_embedded_credentials[authorization_endpoint]" time="0.005" /><testcase classname="tests.test_p5_enterprise_idp_acceptance" name="test_metadata_requires_https_and_rejects_embedded_credentials[token_endpoint]" time="0.003" /><testcase classname="tests.test_p5_enterprise_idp_acceptance" name="test_metadata_requires_https_and_rejects_embedded_credentials[jwks_uri]" time="0.004" /><testcase classname="tests.test_p5_enterprise_idp_acceptance" name="test_multi_issuer_and_wrong_issuer_fail_closed" time="0.003" /><testcase classname="tests.test_p5_enterprise_idp_acceptance" name="test_missing_pkce_revocation_and_canonical_claims_fail_closed" time="0.004" /><testcase classname="tests.test_platform_canary" name="test_platform_version_routing_defaults_and_immediate_rollback" time="0.036" /><testcase classname="tests.test_platform_canary" name="test_production_rejects_enabled_platform_version_routing" time="0.009" /><testcase classname="tests.test_platform_canary" name="test_canary_scope_requires_tenant_workspace_user_and_scenario" time="0.003" /><testcase classname="tests.test_auth" name="test_health_is_public" time="7.924" /><testcase classname="tests.test_auth" name="test_login_and_me" time="9.679" /><testcase classname="tests.test_auth" name="test_invalid_login_is_401" time="9.650" /><testcase classname="tests.test_auth" name="test_missing_token_is_401" time="9.703" /><testcase classname="tests.test_auth" name="test_regional_user_is_403_for_admin" time="9.273" /><testcase classname="tests.test_auth" name="test_production_configuration_fails_closed" time="4.553" /><testcase classname="tests.test_auth" name="test_production_configuration_accepts_private_rc_baseline" time="5.658" /><testcase classname="tests.test_auth" name="test_production_configuration_rejects_unsafe_release_values[public_base_url-http://analytics.example.internal]" time="5.788" /><testcase classname="tests.test_auth" name="test_production_configuration_rejects_unsafe_release_values[cors_origins-http://analytics.example.internal]" time="6.055" /><testcase classname="tests.test_auth" name="test_production_configuration_rejects_unsafe_release_values[trusted_hosts-*]" time="6.671" /><testcase classname="tests.test_auth" name="test_production_configuration_rejects_unsafe_release_values[release_version-0.6.0-dev]" time="5.344" /><testcase classname="tests.test_auth" name="test_production_configuration_rejects_unsafe_release_values[simulated_data_only-False]" time="6.627" /><testcase classname="tests.test_dual_engine_golden" name="test_dual_engine_golden_contract_is_complete_and_safe" time="0.054" /><testcase classname="tests.test_dual_engine_golden" name="test_contract_detects_a_dangerous_sql_that_passes_the_guard" time="0.058" /><testcase classname="tests.test_dual_engine_golden" name="test_contract_rejects_unknown_scenario_metric" time="0.053" /><testcase classname="tests.test_metrics_and_data" name="test_fixed_seed_data_metrics_and_quality" time="121.745" /><testcase classname="tests.test_metrics_and_data" name="test_division_metrics_are_null_without_business_data" time="5.856" /></testsuite></testsuites>