<?xml version="1.0" encoding="utf-8"?><testsuites name="pytest tests"><testsuite name="pytest" errors="0" failures="0" skipped="0" tests="88" time="625.928" timestamp="2026-08-02T10:55:14.335333+00:00" hostname="8d0a4ad8200e"><testcase classname="tests.test_sqlbot_adapter" name="test_sqlbot_engine_direct_import_and_health_check_are_order_independent" time="14.979" /><testcase classname="tests.test_sqlbot_adapter" name="test_adapter_normalizes_result_and_never_exposes_session_secret" time="0.155" /><testcase classname="tests.test_sqlbot_adapter" name="test_adapter_fetches_record_usage_when_question_response_omits_it" time="0.016" /><testcase classname="tests.test_sqlbot_adapter" name="test_health_probe_uses_upstream_root_health_endpoint" time="0.004" /><testcase classname="tests.test_sqlbot_adapter" name="test_sessions_are_isolated_by_user_workspace_scenario_and_versions" time="0.027" /><testcase classname="tests.test_sqlbot_adapter" name="test_generate_only_uses_platform_executor_after_guard" time="0.010" /><testcase classname="tests.test_sqlbot_adapter" name="test_timeout_opens_circuit_without_unbounded_retry" time="0.009" /><testcase classname="tests.test_sqlbot_adapter" name="test_sqlbot_security_policy_rejects_dangerous_or_unscoped_sql[INSERT INTO semantic_sales_ops_orders(order_id) VALUES (1)]" time="0.008" /><testcase classname="tests.test_sqlbot_adapter" name="test_sqlbot_security_policy_rejects_dangerous_or_unscoped_sql[UPDATE semantic_sales_ops_orders SET sales_revenue = 0]" time="0.009" /><testcase classname="tests.test_sqlbot_adapter" name="test_sqlbot_security_policy_rejects_dangerous_or_unscoped_sql[DELETE FROM semantic_sales_ops_orders]" time="0.015" /><testcase classname="tests.test_sqlbot_adapter" name="test_sqlbot_security_policy_rejects_dangerous_or_unscoped_sql[DROP TABLE semantic_sales_ops_orders]" time="0.006" /><testcase classname="tests.test_sqlbot_adapter" name="test_sqlbot_security_policy_rejects_dangerous_or_unscoped_sql[ALTER TABLE semantic_sales_ops_orders ADD COLUMN secret text]" time="0.012" /><testcase classname="tests.test_sqlbot_adapter" name="test_sqlbot_security_policy_rejects_dangerous_or_unscoped_sql[SELECT order_id FROM semantic_sales_ops_orders LIMIT 1; SELECT 1]" time="0.020" /><testcase classname="tests.test_sqlbot_adapter" name="test_sqlbot_security_policy_rejects_dangerous_or_unscoped_sql[SELECT relname FROM pg_catalog.pg_class LIMIT 1]" time="0.017" /><testcase classname="tests.test_sqlbot_adapter" name="test_sqlbot_security_policy_rejects_dangerous_or_unscoped_sql[SELECT order_id FROM another_scenario LIMIT 1]" time="0.018" /><testcase classname="tests.test_sqlbot_adapter" name="test_sqlbot_security_policy_rejects_dangerous_or_unscoped_sql[SELECT secret_field FROM semantic_sales_ops_orders LIMIT 1]" time="0.032" /><testcase classname="tests.test_sqlbot_adapter" name="test_sqlbot_security_policy_rejects_dangerous_or_unscoped_sql[SELECT * FROM semantic_sales_ops_orders LIMIT 1]" time="0.029" /><testcase classname="tests.test_sqlbot_adapter" name="test_sqlbot_security_policy_rejects_dangerous_or_unscoped_sql[SELECT pg_sleep(1) FROM semantic_sales_ops_orders LIMIT 1]" time="0.018" /><testcase classname="tests.test_sqlbot_adapter" name="test_sqlbot_security_policy_rejects_dangerous_or_unscoped_sql[WITH x AS (SELECT order_id FROM semantic_sales_ops_orders) SELECT order_id FROM x LIMIT 1]" time="0.012" /><testcase classname="tests.test_semantic_registry" name="test_registry_loads_generic_entities_and_published_version_is_immutable" time="3.959" /><testcase classname="tests.test_semantic_registry" name="test_active_resolver_requires_atomic_dataset_and_semantic_activation" time="5.017" /><testcase classname="tests.test_semantic_registry" name="test_unpublished_or_incompatible_semantic_version_is_rejected" time="5.151" /><testcase classname="tests.test_semantic_registry" name="test_resolver_fails_closed_without_active_semantic_version" time="5.397" /><testcase classname="tests.test_procedure_skill_registry" name="test_reflection_only_creates_candidate" time="0.260" /><testcase classname="tests.test_procedure_skill_registry" name="test_procedure_version_is_immutable" time="0.105" /><testcase classname="tests.test_procedure_skill_registry" name="test_non_admin_cannot_approve_procedure" time="0.109" /><testcase classname="tests.test_procedure_skill_registry" name="test_failed_tests_prevent_procedure_approval" time="0.094" /><testcase classname="tests.test_procedure_skill_registry" name="test_approved_active_procedure_can_be_matched" time="0.120" /><testcase classname="tests.test_procedure_skill_registry" name="test_skill_requires_existing_procedure" time="0.093" /><testcase classname="tests.test_procedure_skill_registry" name="test_skill_cannot_activate_before_human_approval" time="0.110" /><testcase classname="tests.test_procedure_skill_registry" name="test_skill_full_approval_and_activation" time="0.144" /><testcase classname="tests.test_procedure_skill_registry" name="test_skill_is_scenario_isolated" time="0.153" /><testcase classname="tests.test_procedure_skill_registry" name="test_skill_disable_removes_from_match" time="0.124" /><testcase classname="tests.test_procedure_skill_registry" name="test_skill_rollback_reactivates_approved_target" time="0.160" /><testcase classname="tests.test_procedure_skill_registry" name="test_unapproved_procedure_never_matches[DRAFT]" time="0.114" /><testcase classname="tests.test_procedure_skill_registry" name="test_unapproved_procedure_never_matches[CANDIDATE]" time="0.148" /><testcase classname="tests.test_procedure_skill_registry" name="test_unapproved_procedure_never_matches[REVIEWING]" time="0.162" /><testcase classname="tests.test_procedure_skill_registry" name="test_unapproved_procedure_never_matches[FAILED]" time="0.162" /><testcase classname="tests.test_p3_credentials_retention" name="test_credential_reference_rotation_disable_and_audit" time="8.742" /><testcase classname="tests.test_p3_credentials_retention" name="test_credential_reference_rejects_sensitive_metadata_and_missing_provider_value" time="8.005" /><testcase classname="tests.test_p3_credentials_retention" name="test_legal_hold_and_retention_apply_strictest_deletion_rule" time="11.252" /><testcase classname="tests.test_p3_credentials_retention" name="test_business_user_cannot_manage_legal_hold" time="13.146" /><testcase classname="tests.test_p4_datasource_alerts" name="test_datasource_requires_evidence_and_approval_before_activation" time="12.502" /><testcase classname="tests.test_p4_datasource_alerts" name="test_external_alert_is_signed_redacted_and_idempotent" time="10.178" /><testcase classname="tests.test_p3_audit_release" name="test_governance_audit_redaction_filter_export_alert_and_immutability" time="9.043" /><testcase classname="tests.test_p3_audit_release" name="test_policy_and_procedure_cannot_activate_without_review" time="11.581" /><testcase classname="tests.test_p3_audit_release" name="test_release_state_machine_production_block_and_history_preserving_rollback" time="10.837" /><testcase classname="tests.test_p5_production_gate_registry" name="test_registry_snapshot_is_database_backed_and_no_go_by_default" time="12.514" /><testcase classname="tests.test_p5_production_gate_registry" name="test_business_user_can_view_but_cannot_change_gate" time="10.875" /><testcase classname="tests.test_p5_production_gate_registry" name="test_pass_requires_evidence_and_records_immutable_history" time="9.092" /><testcase classname="tests.test_p5_production_gate_registry" name="test_waiver_cannot_be_fabricated_without_formal_approval" time="9.266" /><testcase classname="tests.test_p5_production_gate_registry" name="test_gate_scope_cannot_be_selected_from_request_body" time="8.142" /><testcase classname="tests.test_response_composer" name="test_four_profiles_return_stable_json_contract[executive_brief]" time="0.005" /><testcase classname="tests.test_response_composer" name="test_four_profiles_return_stable_json_contract[analyst_detailed]" time="0.003" /><testcase classname="tests.test_response_composer" name="test_four_profiles_return_stable_json_contract[operation_action]" time="0.003" /><testcase classname="tests.test_response_composer" name="test_four_profiles_return_stable_json_contract[concise_query]" time="0.003" /><testcase classname="tests.test_response_composer" name="test_missing_evidence_refuses" time="0.002" /><testcase classname="tests.test_response_composer" name="test_unbound_claim_is_rejected" time="0.003" /><testcase classname="tests.test_response_composer" name="test_forbidden_claim_is_rejected" time="0.003" /><testcase classname="tests.test_scenario_packages" name="test_package_loads_all_required_files_and_15_metrics" time="7.111" /><testcase classname="tests.test_scenario_packages" name="test_package_path_and_incomplete_package_fail_closed" time="6.894" /><testcase classname="tests.test_scenario_packages" name="test_validator_rejects_secret_key_and_incompatible_platform" time="9.431" /><testcase classname="tests.test_scenario_packages" name="test_registry_lifecycle_activation_disable_and_scope" time="6.317" /><testcase classname="tests.test_scenario_packages" name="test_same_package_version_is_immutable" time="9.490" /><testcase classname="tests.test_runtime_closeout" name="test_runtime_smoke_cases_cover_both_scenarios_and_active_dates" time="0.003" /><testcase classname="tests.test_runtime_closeout" name="test_missing_model_contract_records_not_executed_runtime_evidence" time="0.187" /><testcase classname="tests.test_runtime_closeout" name="test_complete_contract_still_requires_real_live_execution" time="0.002" /><testcase classname="tests.test_runtime_closeout" name="test_provider_authentication_blocker_replaces_human_config_blocker" time="0.003" /><testcase classname="tests.test_query_security" name="test_arbitrary_and_dangerous_sql_is_always_rejected[DROP TABLE fact_charging_session]" time="0.007" /><testcase classname="tests.test_query_security" name="test_arbitrary_and_dangerous_sql_is_always_rejected[DELETE FROM fact_charging_session]" time="0.004" /><testcase classname="tests.test_query_security" name="test_arbitrary_and_dangerous_sql_is_always_rejected[SELECT 1; DROP TABLE dim_user]" time="0.010" /><testcase classname="tests.test_query_security" name="test_arbitrary_and_dangerous_sql_is_always_rejected[UPDATE app_user SET role='admin']" time="0.010" /><testcase classname="tests.test_query_security" name="test_arbitrary_and_dangerous_sql_is_always_rejected[INSERT INTO audit_log VALUES (1)]" time="0.004" /><testcase classname="tests.test_query_security" name="test_arbitrary_and_dangerous_sql_is_always_rejected[TRUNCATE fact_energy_cost]" time="0.003" /><testcase classname="tests.test_query_security" name="test_arbitrary_and_dangerous_sql_is_always_rejected[SELECT pg_read_file('/etc/passwd')]" time="0.006" /><testcase classname="tests.test_query_security" name="test_arbitrary_and_dangerous_sql_is_always_rejected[SELECT * FROM pg_catalog.pg_user]" time="0.004" /><testcase classname="tests.test_query_security" name="test_arbitrary_and_dangerous_sql_is_always_rejected[SELECT pg_sleep(10)]" time="0.004" /><testcase classname="tests.test_query_security" name="test_arbitrary_and_dangerous_sql_is_always_rejected[SELECT * FROM fact_charging_session -- bypass]" time="0.008" /><testcase classname="tests.test_query_security" name="test_arbitrary_and_dangerous_sql_is_always_rejected[/*x*/ SELECT * FROM dim_user]" time="0.010" /><testcase classname="tests.test_query_security" name="test_arbitrary_and_dangerous_sql_is_always_rejected[COPY app_user TO PROGRAM 'x']" time="0.006" /><testcase classname="tests.test_query_security" name="test_plan_compiler_guard_and_readonly_execution" time="117.785" /><testcase classname="tests.test_query_security" name="test_scope_intersection_fails_closed" time="103.320" /><testcase classname="tests.test_query_security" name="test_compiled_query_tamper_is_rejected" time="0.004" /><testcase classname="tests.test_private_deployment_contract" name="test_restore_stream_remaps_schema_without_mutating_copy_data" time="2.139" /><testcase classname="tests.test_private_deployment_contract" name="test_private_compose_keeps_database_and_api_private" time="0.279" /><testcase classname="tests.test_private_deployment_contract" name="test_private_proxy_enforces_https_and_hides_metrics" time="0.148" /><testcase classname="tests.test_chatbi" name="test_chatbi_complete_chain_and_truthful_evidence" time="119.640" /><testcase classname="tests.test_chatbi" name="test_chatbi_scope_denial_is_403" time="54.656" /></testsuite></testsuites>