<?xml version="1.0" encoding="utf-8"?><testsuites name="pytest tests"><testsuite name="pytest" errors="0" failures="1" skipped="0" tests="74" time="1127.935" timestamp="2026-08-02T10:55:14.336530+00:00" hostname="dd49ca8a72ed"><testcase classname="tests.test_data_integration" name="test_overview_and_platform_ingestion_are_database_backed" time="110.372" /><testcase classname="tests.test_data_integration" name="test_quality_approval_and_publication_are_database_backed_and_audited" time="127.558" /><testcase classname="tests.test_data_integration" name="test_failed_publication_rolls_back_workflow_before_failure_audit" time="119.529" /><testcase classname="tests.test_data_integration" name="test_quality_failure_and_invalid_publication_fail_closed" time="110.818" /><testcase classname="tests.test_data_integration" name="test_connection_test_is_audited_and_credentials_are_never_persisted" time="9.416" /><testcase classname="tests.test_data_integration" name="test_regional_user_cannot_test_or_run_connectors" time="11.448" /><testcase classname="tests.test_data_integration" name="test_excel_rows_are_parsed_then_persisted_in_database" time="11.909" /><testcase classname="tests.test_data_integration" name="test_two_versioned_csv_samples_pass_connector_contract[station_operations_region_a.csv-FILE-A-001]" time="9.207" /><testcase classname="tests.test_data_integration" name="test_two_versioned_csv_samples_pass_connector_contract[station_operations_region_b.csv-FILE-B-001]" time="5.368" /><testcase classname="tests.test_data_integration" name="test_api_rows_are_fetched_then_persisted_in_database" time="7.612" /><testcase classname="tests.test_data_integration" name="test_unsafe_paths_and_api_hosts_fail_closed" time="6.744" /><testcase classname="tests.test_memory_governance_lifecycle" name="test_write_pipeline_injects_scope_and_redacts_email" time="0.365" /><testcase classname="tests.test_memory_governance_lifecycle" name="test_write_pipeline_rejects_secret_fields[password]" time="0.188" /><testcase classname="tests.test_memory_governance_lifecycle" name="test_write_pipeline_rejects_secret_fields[api_key]" time="0.126" /><testcase classname="tests.test_memory_governance_lifecycle" name="test_write_pipeline_rejects_secret_fields[token]" time="0.132" /><testcase classname="tests.test_memory_governance_lifecycle" name="test_write_pipeline_rejects_secret_fields[database_url]" time="0.125" /><testcase classname="tests.test_memory_governance_lifecycle" name="test_procedural_candidate_requires_approval" time="0.131" /><testcase classname="tests.test_memory_governance_lifecycle" name="test_sqlbot_shadow_cannot_enter_semantic_memory" time="0.130" /><testcase classname="tests.test_memory_governance_lifecycle" name="test_lifecycle_expires_semantic_archives_episode_and_decays" time="0.238" /><testcase classname="tests.test_memory_governance_lifecycle" name="test_deleted_memory_is_not_retrievable" time="0.144" /><testcase classname="tests.test_memory_governance_lifecycle" name="test_legal_hold_prevents_deletion" time="0.084" /><testcase classname="tests.test_memory_governance_lifecycle" name="test_purge_user_does_not_touch_other_user" time="0.133" /><testcase classname="tests.test_memory_governance_lifecycle" name="test_retrieval_hard_filters_cross_scope[tenant-other-workspace-alpha-1-charging_ops]" time="0.122" /><testcase classname="tests.test_memory_governance_lifecycle" name="test_retrieval_hard_filters_cross_scope[tenant-alpha-workspace-other-1-charging_ops]" time="0.100" /><testcase classname="tests.test_memory_governance_lifecycle" name="test_retrieval_hard_filters_cross_scope[tenant-alpha-workspace-alpha-2-charging_ops]" time="0.077" /><testcase classname="tests.test_memory_governance_lifecycle" name="test_retrieval_hard_filters_cross_scope[tenant-alpha-workspace-alpha-1-sales_ops]" time="0.079" /><testcase classname="tests.test_memory_governance_lifecycle" name="test_context_assembler_keeps_system_constraints_separate" time="0.076" /><testcase classname="tests.test_initial_operational_skills" name="test_charging_adapter_reads_metric_metadata_from_full_metric_contract" time="0.091" /><testcase classname="tests.test_initial_operational_skills" name="test_initial_skill_catalog_has_five_charging_and_three_sales" time="0.393" /><testcase classname="tests.test_initial_operational_skills" name="test_five_charging_skills_execute_with_governed_output[revenue_decline_diagnosis]" time="0.250" /><testcase classname="tests.test_initial_operational_skills" name="test_five_charging_skills_execute_with_governed_output[order_anomaly_analysis]" time="0.224" /><testcase classname="tests.test_initial_operational_skills" name="test_five_charging_skills_execute_with_governed_output[gross_profit_change_decomposition]" time="0.448" /><testcase classname="tests.test_initial_operational_skills" name="test_five_charging_skills_execute_with_governed_output[station_efficiency_diagnosis]" time="0.529" /><testcase classname="tests.test_initial_operational_skills" name="test_five_charging_skills_execute_with_governed_output[operating_report_generation]" time="0.457" /><testcase classname="tests.test_initial_operational_skills" name="test_sales_reuses_three_generic_skill_procedures[revenue_decline_diagnosis]" time="0.426" /><testcase classname="tests.test_initial_operational_skills" name="test_sales_reuses_three_generic_skill_procedures[order_anomaly_analysis]" time="0.280" /><testcase classname="tests.test_initial_operational_skills" name="test_sales_reuses_three_generic_skill_procedures[gross_profit_change_decomposition]" time="0.283" /><testcase classname="tests.test_initial_operational_skills" name="test_failed_skill_does_not_write_success_episode" time="0.409" /><testcase classname="tests.test_initial_operational_skills" name="test_skill_success_writes_replayable_episode_not_full_rows" time="0.435" /><testcase classname="tests.test_knowledge_lifecycle" name="test_ingest_requires_tracked_repository_source" time="4.333" /><testcase classname="tests.test_knowledge_lifecycle" name="test_lifecycle_publish_supersede_and_rollback" time="6.865" /><testcase classname="tests.test_knowledge_lifecycle" name="test_only_authorized_current_published_version_is_retrieved" time="5.666" /><testcase classname="tests.test_knowledge_lifecycle" name="test_validity_window_and_retirement_remove_document_from_retrieval" time="6.301" /><testcase classname="tests.test_shadow_evidence" name="test_shadow_route_and_session_evidence_never_persist_access_token" time="4.482" /><testcase classname="tests.test_shadow_evidence" name="test_shadow_runtime_pending_preserves_main_result_and_error_evidence" time="5.341" /><testcase classname="tests.test_multi_scenario_chat" name="test_chatbi_uses_registry_for_two_isolated_scenarios" time="75.574"><failure message="AssertionError: assert [] == ['SQLBOT_DISABLED']&#10;  &#10;  Right contains one more item: 'SQLBOT_DISABLED'&#10;  Use -v to get more diff">client = &lt;starlette.testclient.TestClient object at 0x71a2a9e315d0&gt;
login = &lt;function login.&lt;locals&gt;._login at 0x71a2a8949bc0&gt;

    def test_chatbi_uses_registry_for_two_isolated_scenarios(
        client,
        login,
    ) -&gt; None:
        bootstrap_demo_users()
        with SessionLocal() as db:
            generate_simulated_data(db, session_count=500)
            generate_sales_orders(db, order_count=500)
            analyst = db.query(User).filter_by(username="analyst").one()
            identity = IdentityContextFactory.from_user(analyst)
            install_platform_foundation(db, identity)
            install_sales_ops_foundation(
                db,
                identity,
                expected_order_count=500,
            )
    
        analyst_headers = login()
        catalog = client.get(
            "/api/v1/chat/scenarios",
            headers=analyst_headers,
        )
        assert catalog.status_code == 200
        assert catalog.json()["data_classification"] == "simulated"
        assert {
            (item["scenario_id"], item["status"])
            for item in catalog.json()["scenarios"]
        } == {
            ("charging_ops", "ACTIVE"),
            ("sales_ops", "ACTIVE"),
        }
        scenario_rows = {
            item["scenario_id"]: item
            for item in catalog.json()["scenarios"]
        }
        assert scenario_rows["charging_ops"]["initial_question"]
        assert len(scenario_rows["charging_ops"]["suggested_questions"]) == 3
        assert scenario_rows["sales_ops"]["initial_question"]
        assert len(scenario_rows["sales_ops"]["suggested_questions"]) == 3
    
        sales = client.post(
            "/api/v1/chat/query",
            headers=analyst_headers,
            json={
                "scenario_id": "sales_ops",
                "question": "2026年6月销售收入、订单数和销售毛利率是多少？",
            },
        )
        assert sales.status_code == 200
        sales_body = sales.json()
        assert sales_body["status"] == "completed"
        assert sales_body["query_result"]["scenario"] == "sales_ops"
        assert sales_body["query_result"]["engine"] == "deterministic"
        assert sales_body["query_result"]["scenario_version"] == "1.0.0"
        assert sales_body["query_result"]["semantic_version"] == "1.0.0"
        assert sales_body["query_result"]["dataset_version"] == "1"
&gt;       assert sales_body["query_result"]["warnings"] == ["SQLBOT_DISABLED"]
E       AssertionError: assert [] == ['SQLBOT_DISABLED']
E         
E         Right contains one more item: 'SQLBOT_DISABLED'
E         Use -v to get more diff

tests/test_multi_scenario_chat.py:71: AssertionError</failure></testcase><testcase classname="tests.test_live_model_provider_validation" name="test_live_provider_report_is_complete_and_never_exposes_key" time="0.003" /><testcase classname="tests.test_live_model_provider_validation" name="test_authentication_failure_is_sanitized_and_stops_model_calls" time="0.002" /><testcase classname="tests.test_live_model_provider_validation" name="test_mimo_rechecks_api_key_header_after_bearer_401" time="0.002" /><testcase classname="tests.test_live_model_provider_validation" name="test_provider_environment_requires_all_runtime_references" time="0.001" /><testcase classname="tests.test_live_model_provider_validation" name="test_model_selection_prefers_exact_then_provider_family" time="0.001" /><testcase classname="tests.test_model_gateway" name="test_mock_provider_contract_records_usage" time="0.002" /><testcase classname="tests.test_model_gateway" name="test_retry_once_then_fallback" time="0.001" /><testcase classname="tests.test_model_gateway" name="test_data_classification_denied_before_provider_call" time="0.001" /><testcase classname="tests.test_model_gateway" name="test_credential_reference_does_not_reveal_secret" time="0.001" /><testcase classname="tests.test_model_gateway" name="test_openai_compatible_response_and_authorization_header" time="0.002" /><testcase classname="tests.test_memory_evaluation_expansion" name="test_working_context_inheritance_evaluation[region-update0-filters]" time="0.427" /><testcase classname="tests.test_memory_evaluation_expansion" name="test_working_context_inheritance_evaluation[dimension-update1-dimensions]" time="0.046" /><testcase classname="tests.test_memory_evaluation_expansion" name="test_working_context_inheritance_evaluation[comparison-update2-comparison]" time="0.037" /><testcase classname="tests.test_memory_evaluation_expansion" name="test_working_context_inheritance_evaluation[report-update3-current_intent]" time="0.044" /><testcase classname="tests.test_memory_evaluation_expansion" name="test_working_context_inheritance_evaluation[chart-update4-chart_type]" time="0.034" /><testcase classname="tests.test_memory_evaluation_expansion" name="test_episodic_replay_and_retrieval_evaluation[2]" time="0.070" /><testcase classname="tests.test_memory_evaluation_expansion" name="test_episodic_replay_and_retrieval_evaluation[3]" time="0.060" /><testcase classname="tests.test_memory_evaluation_expansion" name="test_episodic_replay_and_retrieval_evaluation[4]" time="0.065" /><testcase classname="tests.test_memory" name="test_session_inheritance_override_isolation_and_run_evidence" time="45.271" /><testcase classname="tests.test_memory" name="test_expired_session_is_not_inherited" time="63.245" /><testcase classname="tests.test_memory" name="test_work_memory_is_structured_versioned_and_released" time="3.418" /><testcase classname="tests.test_dashboard" name="test_dashboard_uses_database_and_enforces_region_scope" time="66.229" /><testcase classname="tests.test_dashboard" name="test_dashboard_rejects_unapproved_metric" time="6.227" /><testcase classname="tests.test_dashboard" name="test_device_dashboard_uses_simulated_database_and_enforces_region_scope" time="50.083" /><testcase classname="tests.test_diagnostics" name="test_revenue_and_profit_decomposition_reconcile" time="60.664" /><testcase classname="tests.test_diagnostics" name="test_regional_peer_comparison_rejects_other_region" time="64.625" /><testcase classname="tests.test_revenue" name="test_revenue_analysis_is_fact_backed_and_scope_filtered" time="59.894" /><testcase classname="tests.test_reports" name="test_report_draft_and_exports_are_traceable" time="54.097" /></testsuite></testsuites>