{"numTotalTestSuites":2,"numPassedTestSuites":2,"numFailedTestSuites":0,"numPendingTestSuites":0,"numTotalTests":3,"numPassedTests":3,"numFailedTests":0,"numPendingTests":0,"numTodoTests":0,"snapshot":{"added":0,"failure":false,"filesAdded":0,"filesRemoved":0,"filesRemovedList":[],"filesUnmatched":0,"filesUpdated":0,"matched":0,"total":0,"unchecked":0,"uncheckedKeysByFile":[],"unmatched":0,"updated":0,"didUpdate":false},"startTime":1786599357987,"success":true,"testResults":[{"assertionResults":[{"ancestorTitles":["metric formatting"],"fullName":"metric formatting renders ratios as percentages","status":"passed","title":"renders ratios as percentages","duration":1.8753999999998996,"failureMessages":[],"meta":{}},{"ancestorTitles":["metric formatting"],"fullName":"metric formatting keeps null truthful","status":"passed","title":"keeps null truthful","duration":0.2545999999997548,"failureMessages":[],"meta":{}},{"ancestorTitles":["metric formatting"],"fullName":"metric formatting renders counts as integers","status":"passed","title":"renders counts as integers","duration":28.090499999999793,"failureMessages":[],"meta":{}}],"startTime":1786599361661,"endTime":1786599361692.0906,"status":"passed","message":"","name":"E:/新能源企业经营分析智能平台-integration-41-full/frontend/tests/format.test.ts"}]}